<?xml version="1.0" encoding="UTF-8"?>
<!-- Generated by org.testng.reporters.JUnitReportReporter -->
<testsuite hostname="CBT-019" name="delta.main.DeltaDriver" tests="2" failures="0" timestamp="28 Aug 2016 12:33:23 GMT" time="28.736" errors="0">
  <testcase name="testSceanrios" time="15.479" classname="delta.main.DeltaDriver"/>
  <testcase name="testSceanrios" time="13.257" classname="delta.main.DeltaDriver"/>
</testsuite> <!-- delta.main.DeltaDriver -->
